<?xml version="1.0" encoding="UTF-8"?>
<testsuite xmlns:xsi="http://www.w3.org/2001/XMLSchema-instance" xsi:noNamespaceSchemaLocation="https://maven.apache.org/surefire/maven-surefire-plugin/xsd/surefire-test-report-3.0.xsd" version="3.0" name="com.example.selenium.GuiTestCasesPage1Test" time="9.718" tests="95" errors="0" skipped="0" failures="0">
  <properties>
[...]
</properties>
  <testcase name="testPage1ToPage2Navigation" classname="com.example.selenium.GuiTestCasesPage1Test" time="0.366">
    <system-err><![CDATA[Apr 23, 2025 11:47:26 PM org.openqa.selenium.devtools.CdpVersionFinder findNearestMatch
WARNING: Unable to find CDP implementation matching 135
Apr 23, 2025 11:47:26 PM org.openqa.selenium.chromium.ChromiumDriver lambda$new$5
WARNING: Unable to find version of CDP to use for 135.0.7049.115. You may need to include a dependency on a specific version of the CDP using something similar to `org.seleniumhq.selenium:selenium-devtools-v86:4.21.0` where the version ("v86") matches the version of the chromium-based browser you're using and the version number of the artifact is the same as Selenium's.
]]></system-err>
  </testcase>
  <testcase name="testTextboxLocation1" classname="com.example.selenium.GuiTestCasesPage1Test" time="0.044"/>
  <testcase name="testTextboxLocation2" classname="com.example.selenium.GuiTestCasesPage1Test" time="0.058"/>
  <testcase name="testTextboxLocation3" classname="com.example.selenium.GuiTestCasesPage1Test" time="0.058"/>
  <testcase name="testTextboxLocation4" classname="com.example.selenium.GuiTestCasesPage1Test" time="0.043"/>
  <testcase name="testRadioButtonsExistence2q1" classname="com.example.selenium.GuiTestCasesPage1Test" time="0.075"/>
  <testcase name="testRadioButtonsExistence2q2" classname="com.example.selenium.GuiTestCasesPage1Test" time="0.091"/>
  <testcase name="testRadioButtonsExistence3q3" classname="com.example.selenium.GuiTestCasesPage1Test" time="0.086"/>
  <testcase name="testRadioButtonsExistence3q4" classname="com.example.selenium.GuiTestCasesPage1Test" time="0.08"/>
  <testcase name="testImageContent1" classname="com.example.selenium.GuiTestCasesPage1Test" time="0.049"/>
  <testcase name="testImageContent2" classname="com.example.selenium.GuiTestCasesPage1Test" time="0.039"/>
  <testcase name="testImageContent3" classname="com.example.selenium.GuiTestCasesPage1Test" time="0.044"/>
  <testcase name="testImageContent4" classname="com.example.selenium.GuiTestCasesPage1Test" time="0.04"/>
  <testcase name="testImageContent6" classname="com.example.selenium.GuiTestCasesPage1Test" time="0.05"/>
  <testcase name="testButtonContent1" classname="com.example.selenium.GuiTestCasesPage1Test" time="0.059"/>
  <testcase name="testButtonContent2" classname="com.example.selenium.GuiTestCasesPage1Test" time="0.042"/>
  <testcase name="testButtonContent3" classname="com.example.selenium.GuiTestCasesPage1Test" time="0.052"/>
  <testcase name="testButtonContent4" classname="com.example.selenium.GuiTestCasesPage1Test" time="0.042"/>
  <testcase name="testTextboxSize1" classname="com.example.selenium.GuiTestCasesPage1Test" time="0.046"/>
  <testcase name="testTextboxSize2" classname="com.example.selenium.GuiTestCasesPage1Test" time="0.036"/>
  <testcase name="testTextboxSize3" classname="com.example.selenium.GuiTestCasesPage1Test" time="0.041"/>
  <testcase name="testTextboxSize4" classname="com.example.selenium.GuiTestCasesPage1Test" time="0.05"/>
  <testcase name="testImageExistence1" classname="com.example.selenium.GuiTestCasesPage1Test" time="0.047"/>
  <testcase name="testCheckboxLocationAndSize1" classname="com.example.selenium.GuiTestCasesPage1Test" time="0.048"/>
  <testcase name="testCheckboxLocationAndSize2" classname="com.example.selenium.GuiTestCasesPage1Test" time="0.049"/>
  <testcase name="testCheckboxLocationAndSize3" classname="com.example.selenium.GuiTestCasesPage1Test" time="0.057"/>
  <testcase name="testCheckboxLocationAndSize4" classname="com.example.selenium.GuiTestCasesPage1Test" time="0.07"/>
  <testcase name="testCheckboxLocationAndSize6" classname="com.example.selenium.GuiTestCasesPage1Test" time="0.067"/>
  <testcase name="testRadioButtonsLocationAndSize2q1" classname="com.example.selenium.GuiTestCasesPage1Test" time="0.104"/>
  <testcase name="testRadioButtonsLocationAndSize2q2" classname="com.example.selenium.GuiTestCasesPage1Test" time="0.081"/>
  <testcase name="testRadioButtonsLocationAndSize3q3" classname="com.example.selenium.GuiTestCasesPage1Test" time="0.121"/>
  <testcase name="testRadioButtonsLocationAndSize3q4" classname="com.example.selenium.GuiTestCasesPage1Test" time="0.092"/>
  <testcase name="testPage6ToPage1Navigation" classname="com.example.selenium.GuiTestCasesPage1Test" time="0.14"/>
  <testcase name="testRadioButtonsExistence1" classname="com.example.selenium.GuiTestCasesPage1Test" time="0.083"/>
  <testcase name="testRadioButtonsExistence4" classname="com.example.selenium.GuiTestCasesPage1Test" time="0.151"/>
  <testcase name="testRadioButtonsExistence6" classname="com.example.selenium.GuiTestCasesPage1Test" time="0.126"/>
  <testcase name="testRadioButtonsLocationAndSize1" classname="com.example.selenium.GuiTestCasesPage1Test" time="0.23"/>
  <testcase name="testRadioButtonsLocationAndSize4" classname="com.example.selenium.GuiTestCasesPage1Test" time="0.119"/>
  <testcase name="testRadioButtonsLocationAndSize6" classname="com.example.selenium.GuiTestCasesPage1Test" time="0.151"/>
  <testcase name="testRadioButtonsContent2q1" classname="com.example.selenium.GuiTestCasesPage1Test" time="0.218"/>
  <testcase name="testRadioButtonsContent2q2" classname="com.example.selenium.GuiTestCasesPage1Test" time="0.186"/>
  <testcase name="testRadioButtonsContent3q3" classname="com.example.selenium.GuiTestCasesPage1Test" time="0.12"/>
  <testcase name="testRadioButtonsContent3q4" classname="com.example.selenium.GuiTestCasesPage1Test" time="0.136"/>
  <testcase name="testPage2ToPage3Navigation" classname="com.example.selenium.GuiTestCasesPage1Test" time="0.278"/>
  <testcase name="testButtonLocationAndSize1" classname="com.example.selenium.GuiTestCasesPage1Test" time="0.058"/>
  <testcase name="testButtonLocationAndSize2" classname="com.example.selenium.GuiTestCasesPage1Test" time="0.068"/>
  <testcase name="testButtonLocationAndSize3" classname="com.example.selenium.GuiTestCasesPage1Test" time="0.079"/>
  <testcase name="testButtonLocationAndSize4" classname="com.example.selenium.GuiTestCasesPage1Test" time="0.072"/>
  <testcase name="testImageExists2" classname="com.example.selenium.GuiTestCasesPage1Test" time="0.052"/>
  <testcase name="testImageExists3" classname="com.example.selenium.GuiTestCasesPage1Test" time="0.133"/>
  <testcase name="testImageExists4" classname="com.example.selenium.GuiTestCasesPage1Test" time="0.054"/>
  <testcase name="testImageExists6" classname="com.example.selenium.GuiTestCasesPage1Test" time="0.048"/>
  <testcase name="testButtonLocationAndSize6b1" classname="com.example.selenium.GuiTestCasesPage1Test" time="0.108"/>
  <testcase name="testButtonLocationAndSize6b2" classname="com.example.selenium.GuiTestCasesPage1Test" time="0.069"/>
  <testcase name="testPage4ToPage6Navigation" classname="com.example.selenium.GuiTestCasesPage1Test" time="0.372"/>
  <testcase name="testPage3ToPage4Navigation" classname="com.example.selenium.GuiTestCasesPage1Test" time="0.915"/>
  <testcase name="testImageLocation1" classname="com.example.selenium.GuiTestCasesPage1Test" time="0.05"/>
  <testcase name="testImageLocation2" classname="com.example.selenium.GuiTestCasesPage1Test" time="0.063"/>
  <testcase name="testImageLocation3" classname="com.example.selenium.GuiTestCasesPage1Test" time="0.088"/>
  <testcase name="testImageLocation4" classname="com.example.selenium.GuiTestCasesPage1Test" time="0.062"/>
  <testcase name="testImageLocation6" classname="com.example.selenium.GuiTestCasesPage1Test" time="0.052"/>
  <testcase name="testCheckboxContent1" classname="com.example.selenium.GuiTestCasesPage1Test" time="0.063"/>
  <testcase name="testCheckboxContent2" classname="com.example.selenium.GuiTestCasesPage1Test" time="0.094"/>
  <testcase name="testCheckboxContent3" classname="com.example.selenium.GuiTestCasesPage1Test" time="0.074"/>
  <testcase name="testCheckboxContent4" classname="com.example.selenium.GuiTestCasesPage1Test" time="0.327"/>
  <testcase name="testCheckboxContent6" classname="com.example.selenium.GuiTestCasesPage1Test" time="0.16"/>
  <testcase name="testRadioButtonsContent1" classname="com.example.selenium.GuiTestCasesPage1Test" time="0.105"/>
  <testcase name="testRadioButtonsContent4" classname="com.example.selenium.GuiTestCasesPage1Test" time="0.11"/>
  <testcase name="testRadioButtonsContent6" classname="com.example.selenium.GuiTestCasesPage1Test" time="0.184"/>
  <testcase name="testTextboxContent1" classname="com.example.selenium.GuiTestCasesPage1Test" time="0.203"/>
  <testcase name="testTextboxContent2" classname="com.example.selenium.GuiTestCasesPage1Test" time="0.043"/>
  <testcase name="testTextboxContent3" classname="com.example.selenium.GuiTestCasesPage1Test" time="0.045"/>
  <testcase name="testTextboxContent4" classname="com.example.selenium.GuiTestCasesPage1Test" time="0.042"/>
  <testcase name="testButtonExistence1" classname="com.example.selenium.GuiTestCasesPage1Test" time="0.038"/>
  <testcase name="testButtonExistence2" classname="com.example.selenium.GuiTestCasesPage1Test" time="0.032"/>
  <testcase name="testButtonExistence3" classname="com.example.selenium.GuiTestCasesPage1Test" time="0.031"/>
  <testcase name="testButtonExistence4" classname="com.example.selenium.GuiTestCasesPage1Test" time="0.033"/>
  <testcase name="testTextboxExistence1" classname="com.example.selenium.GuiTestCasesPage1Test" time="0.033"/>
  <testcase name="testTextboxExistence2" classname="com.example.selenium.GuiTestCasesPage1Test" time="0.034"/>
  <testcase name="testTextboxExistence3" classname="com.example.selenium.GuiTestCasesPage1Test" time="0.037"/>
  <testcase name="testTextboxExistence4" classname="com.example.selenium.GuiTestCasesPage1Test" time="0.032"/>
  <testcase name="testButtonExistence6b1" classname="com.example.selenium.GuiTestCasesPage1Test" time="0.049"/>
  <testcase name="testButtonExistence6b2" classname="com.example.selenium.GuiTestCasesPage1Test" time="0.043"/>
  <testcase name="testButtonContent6b1" classname="com.example.selenium.GuiTestCasesPage1Test" time="0.033"/>
  <testcase name="testButtonContent6b2" classname="com.example.selenium.GuiTestCasesPage1Test" time="0.031"/>
  <testcase name="testCheckboxExistence1" classname="com.example.selenium.GuiTestCasesPage1Test" time="0.04"/>
  <testcase name="testCheckboxExistence2" classname="com.example.selenium.GuiTestCasesPage1Test" time="0.035"/>
  <testcase name="testCheckboxExistence3" classname="com.example.selenium.GuiTestCasesPage1Test" time="0.039"/>
  <testcase name="testCheckboxExistence4" classname="com.example.selenium.GuiTestCasesPage1Test" time="0.035"/>
  <testcase name="testCheckboxExistence6" classname="com.example.selenium.GuiTestCasesPage1Test" time="0.034"/>
  <testcase name="testImageSize1" classname="com.example.selenium.GuiTestCasesPage1Test" time="0.031"/>
  <testcase name="testImageSize2" classname="com.example.selenium.GuiTestCasesPage1Test" time="0.035"/>
  <testcase name="testImageSize3" classname="com.example.selenium.GuiTestCasesPage1Test" time="0.034"/>
  <testcase name="testImageSize4" classname="com.example.selenium.GuiTestCasesPage1Test" time="0.031"/>
  <testcase name="testImageSize6" classname="com.example.selenium.GuiTestCasesPage1Test" time="0.033"/>
</testsuite>